# JRE version: OpenJDK Runtime Environment (11.0.11+9) (build 11.0.11+9-b60-7590822)
# Java VM: OpenJDK 64-Bit Server VM (11.0.11+9-b60-7590822, mixed mode, tiered, compressed oops, g1 gc, windows-amd64)
Heap:
 garbage-first heap   total 164864K, used 112474K [0x00000000a0000000, 0x0000000100000000)
  region size 1024K, 48 young (49152K), 7 survivors (7168K)
 Metaspace       used 67921K, capacity 69722K, committed 70016K, reserved 1110016K
  class space    used 8583K, capacity 9237K, committed 9344K, reserved 1048576K
GC Heap History (20 events):
Event: 52.141 GC heap before
{Heap before GC invocations=45 (full 0):
 garbage-first heap   total 76800K, used 59473K [0x00000000a0000000, 0x0000000100000000)
  region size 1024K, 9 young (9216K), 1 survivors (1024K)
 Metaspace       used 51923K, capacity 53437K, committed 53760K, reserved 1095680K
  class space    used 6561K, capacity 7081K, committed 7168K, reserved 1048576K
}
Event: 52.145 GC heap after
{Heap after GC invocations=46 (full 0):
 garbage-first heap   total 76800K, used 52675K [0x00000000a0000000, 0x0000000100000000)
  region size 1024K, 1 young (1024K), 1 survivors (1024K)
 Metaspace       used 51923K, capacity 53437K, committed 53760K, reserved 1095680K
  class space    used 6561K, capacity 7081K, committed 7168K, reserved 1048576K
}
Event: 52.556 GC heap before
{Heap before GC invocations=46 (full 0):
 garbage-first heap   total 76800K, used 60867K [0x00000000a0000000, 0x0000000100000000)
  region size 1024K, 9 young (9216K), 1 survivors (1024K)
 Metaspace       used 52855K, capacity 54301K, committed 54400K, reserved 1095680K
  class space    used 6700K, capacity 7241K, committed 7296K, reserved 1048576K
}
Event: 52.561 GC heap after
{Heap after GC invocations=47 (full 0):
 garbage-first heap   total 76800K, used 52874K [0x00000000a0000000, 0x0000000100000000)
  region size 1024K, 2 young (2048K), 2 survivors (2048K)
 Metaspace       used 52855K, capacity 54301K, committed 54400K, reserved 1095680K
  class space    used 6700K, capacity 7241K, committed 7296K, reserved 1048576K
}
Event: 53.209 GC heap before
{Heap before GC invocations=48 (full 0):
 garbage-first heap   total 76800K, used 61066K [0x00000000a0000000, 0x0000000100000000)
  region size 1024K, 10 young (10240K), 2 survivors (2048K)
 Metaspace       used 53825K, capacity 55260K, committed 55552K, reserved 1097728K
  class space    used 6819K, capacity 7325K, committed 7424K, reserved 1048576K
}
Event: 53.214 GC heap after
{Heap after GC invocations=49 (full 0):
 garbage-first heap   total 76800K, used 53279K [0x00000000a0000000, 0x0000000100000000)
  region size 1024K, 2 young (2048K), 2 survivors (2048K)
 Metaspace       used 53825K, capacity 55260K, committed 55552K, reserved 1097728K
  class space    used 6819K, capacity 7325K, committed 7424K, reserved 1048576K
}
Event: 53.721 GC heap before
{Heap before GC invocations=49 (full 0):
 garbage-first heap   total 76800K, used 60447K [0x00000000a0000000, 0x0000000100000000)
  region size 1024K, 10 young (10240K), 2 survivors (2048K)
 Metaspace       used 55067K, capacity 56642K, committed 56960K, reserved 1099776K
  class space    used 6940K, capacity 7487K, committed 7552K, reserved 1048576K
}
Event: 53.767 GC heap after
{Heap after GC invocations=50 (full 0):
 garbage-first heap   total 98304K, used 53292K [0x00000000a0000000, 0x0000000100000000)
  region size 1024K, 2 young (2048K), 2 survivors (2048K)
 Metaspace       used 55067K, capacity 56642K, committed 56960K, reserved 1099776K
  class space    used 6940K, capacity 7487K, committed 7552K, reserved 1048576K
}
Event: 55.034 GC heap before
{Heap before GC invocations=51 (full 0):
 garbage-first heap   total 98304K, used 71724K [0x00000000a0000000, 0x0000000100000000)
  region size 1024K, 20 young (20480K), 2 survivors (2048K)
 Metaspace       used 57849K, capacity 59441K, committed 59648K, reserved 1101824K
  class space    used 7310K, capacity 7906K, committed 7936K, reserved 1048576K
}
Event: 55.042 GC heap after
{Heap after GC invocations=52 (full 0):
 garbage-first heap   total 98304K, used 54225K [0x00000000a0000000, 0x0000000100000000)
  region size 1024K, 2 young (2048K), 2 survivors (2048K)
 Metaspace       used 57849K, capacity 59441K, committed 59648K, reserved 1101824K
  class space    used 7310K, capacity 7906K, committed 7936K, reserved 1048576K
}
Event: 56.164 GC heap before
{Heap before GC invocations=52 (full 0):
 garbage-first heap   total 98304K, used 73681K [0x00000000a0000000, 0x0000000100000000)
  region size 1024K, 22 young (22528K), 2 survivors (2048K)
 Metaspace       used 59698K, capacity 61313K, committed 61440K, reserved 1101824K
  class space    used 7529K, capacity 8082K, committed 8192K, reserved 1048576K
}
Event: 56.193 GC heap after
{Heap after GC invocations=53 (full 0):
 garbage-first heap   total 98304K, used 58950K [0x00000000a0000000, 0x0000000100000000)
  region size 1024K, 3 young (3072K), 3 survivors (3072K)
 Metaspace       used 59698K, capacity 61313K, committed 61440K, reserved 1101824K
  class space    used 7529K, capacity 8082K, committed 8192K, reserved 1048576K
}
Event: 57.626 GC heap before
{Heap before GC invocations=54 (full 0):
 garbage-first heap   total 98304K, used 75334K [0x00000000a0000000, 0x0000000100000000)
  region size 1024K, 19 young (19456K), 3 survivors (3072K)
 Metaspace       used 61359K, capacity 62876K, committed 63104K, reserved 1103872K
  class space    used 7734K, capacity 8279K, committed 8320K, reserved 1048576K
}
Event: 57.636 GC heap after
{Heap after GC invocations=55 (full 0):
 garbage-first heap   total 98304K, used 59576K [0x00000000a0000000, 0x0000000100000000)
  region size 1024K, 2 young (2048K), 2 survivors (2048K)
 Metaspace       used 61359K, capacity 62876K, committed 63104K, reserved 1103872K
  class space    used 7734K, capacity 8279K, committed 8320K, reserved 1048576K
}
Event: 58.550 GC heap before
{Heap before GC invocations=55 (full 0):
 garbage-first heap   total 98304K, used 76984K [0x00000000a0000000, 0x0000000100000000)
  region size 1024K, 19 young (19456K), 2 survivors (2048K)
 Metaspace       used 62772K, capacity 64355K, committed 64640K, reserved 1105920K
  class space    used 7890K, capacity 8451K, committed 8576K, reserved 1048576K
}
Event: 58.573 GC heap after
{Heap after GC invocations=56 (full 0):
 garbage-first heap   total 164864K, used 60362K [0x00000000a0000000, 0x0000000100000000)
  region size 1024K, 2 young (2048K), 2 survivors (2048K)
 Metaspace       used 62772K, capacity 64355K, committed 64640K, reserved 1105920K
  class space    used 7890K, capacity 8451K, committed 8576K, reserved 1048576K
}
Event: 61.353 GC heap before
{Heap before GC invocations=57 (full 0):
 garbage-first heap   total 164864K, used 107466K [0x00000000a0000000, 0x0000000100000000)
  region size 1024K, 48 young (49152K), 2 survivors (2048K)
 Metaspace       used 66187K, capacity 67841K, committed 67968K, reserved 1107968K
  class space    used 8353K, capacity 8968K, committed 9088K, reserved 1048576K
}
Event: 61.365 GC heap after
{Heap after GC invocations=58 (full 0):
 garbage-first heap   total 164864K, used 62118K [0x00000000a0000000, 0x0000000100000000)
  region size 1024K, 4 young (4096K), 4 survivors (4096K)
 Metaspace       used 66187K, capacity 67841K, committed 67968K, reserved 1107968K
  class space    used 8353K, capacity 8968K, committed 9088K, reserved 1048576K
}
Event: 63.826 GC heap before
{Heap before GC invocations=58 (full 0):
 garbage-first heap   total 164864K, used 116390K [0x00000000a0000000, 0x0000000100000000)
  region size 1024K, 55 young (56320K), 4 survivors (4096K)
 Metaspace       used 67184K, capacity 68964K, committed 69120K, reserved 1110016K
  class space    used 8470K, capacity 9098K, committed 9216K, reserved 1048576K
}
Event: 63.845 GC heap after
{Heap after GC invocations=59 (full 0):
 garbage-first heap   total 164864K, used 71514K [0x00000000a0000000, 0x0000000100000000)
  region size 1024K, 7 young (7168K), 7 survivors (7168K)
 Metaspace       used 67184K, capacity 68964K, committed 69120K, reserved 1110016K
  class space    used 8470K, capacity 9098K, committed 9216K, reserved 1048576K
}

